<?xml version="1.0" encoding="UTF-8"?>
<testsuites name="New Test Suite" time="11" tests="1" failures="0" errors="0">
   <testsuite name="New Test Suite" tests="1" failures="0" errors="0" time="11" timestamp="2018-11-14 15:45:05" hostname="bhanawat_m - Digambar-SK.India.XoriantCorp.com" id="Test Suites/New Test Suite">
      <properties>
         <property name="deviceName" value=""/>
         <property name="devicePlatform" value=""/>
         <property name="logFolder" value="C:\\Users\\bhanawat_m\\git\\KatalonDemo\\Reports\\New Test Suite\\20181114_154504"/>
         <property name="logFiles" value="C:\\Users\\bhanawat_m\\git\\KatalonDemo\\Reports\\New Test Suite\\20181114_154504\\execution0.log"/>
         <property name="attachments" value=""/>
         <property name="hostName" value="bhanawat_m - Digambar-SK.India.XoriantCorp.com"/>
         <property name="os" value="Windows 10 32bit"/>
         <property name="katalonVersion" value="5.8.6.1"/>
         <property name="browser" value="Chrome 70.0.3538.102"/>
         <property name="hostAddress" value="10.20.4.74"/>
         <property name="sessionId" value="8047e09c8a675e59bf92e767c7cca681"/>
         <property name="seleniumVersion" value="3.7.1"/>
         <property name="proxyInformation" value="ProxyInformation{proxyOption=NO_PROXY, proxyServerType=HTTP, password=, proxyServerAddress=, proxyServerPort=0}"/>
         <property name="platform" value="Windows 10"/>
      </properties>
      <testcase name="Test Cases/Mohit/New Test Case" classname="Test Cases/Mohit/New Test Case" status="PASSED">
         <system-out><![CDATA[2018-11-14 15:45:06 - [TEST_CASE][PASSED] - Test Cases/Mohit/New Test Case: Test Cases/Mohit/New Test Case

2018-11-14 15:45:06 - [TEST_STEP][PASSED] - openBrowser: Browser is opened with url: 'https://www.google.com'

2018-11-14 15:45:11 - [MESSAGE][PASSED] - Browser is opened with url: 'https://www.google.com'

2018-11-14 15:45:11 - [TEST_STEP][PASSED] - Statement - java.lang.Thread.sleep(5000): null

2018-11-14 15:45:16 - [TEST_STEP][PASSED] - closeBrowser: Browser is closed

2018-11-14 15:45:17 - [MESSAGE][PASSED] - Browser is closed]]></system-out>
         <system-err><![CDATA[]]></system-err>
      </testcase>
      <system-out><![CDATA[2018-11-14 15:45:05 - [TEST_SUITE][PASSED] - New Test Suite: Test Cases/Mohit/New Test Case]]></system-out>
      <system-err><![CDATA[]]></system-err>
   </testsuite>
</testsuites>
