<?xml version="1.0" encoding="UTF-8"?>
<testsuites name="New Test Suite" time="19" tests="0" failures="0" errors="0">
   <testsuite name="New Test Suite" tests="0" failures="0" errors="0" time="19" timestamp="2018-11-14 15:42:53" hostname="bhanawat_m - Digambar-SK.India.XoriantCorp.com" id="Test Suites/New Test Suite">
      <properties>
         <property name="deviceName" value=""/>
         <property name="devicePlatform" value=""/>
         <property name="logFolder" value="C:\\Users\\bhanawat_m\\git\\KatalonDemo\\Reports\\New Test Suite\\20181114_154251"/>
         <property name="logFiles" value="C:\\Users\\bhanawat_m\\git\\KatalonDemo\\Reports\\New Test Suite\\20181114_154251\\execution0.log"/>
         <property name="attachments" value=""/>
         <property name="hostName" value="bhanawat_m - Digambar-SK.India.XoriantCorp.com"/>
         <property name="os" value="Windows 10 32bit"/>
         <property name="katalonVersion" value="5.8.6.1"/>
         <property name="browser" value="Firefox 63.0"/>
         <property name="hostAddress" value="10.20.4.74"/>
         <property name="sessionId" value="cf4a9370-f6c1-42cf-940c-d369cde3853a"/>
         <property name="seleniumVersion" value="3.7.1"/>
         <property name="proxyInformation" value="ProxyInformation{proxyOption=NO_PROXY, proxyServerType=HTTP, password=, proxyServerAddress=, proxyServerPort=0}"/>
         <property name="platform" value="Windows 10"/>
      </properties>
      <testcase name="Test Cases/Mohit/Drag_Drop" classname="Test Cases/Mohit/Drag_Drop" status="INCOMPLETE">
         <system-out><![CDATA[2018-11-14 15:42:53 - [TEST_CASE][INCOMPLETE] - Test Cases/Mohit/Drag_Drop: null

2018-11-14 15:42:54 - [TEST_STEP][PASSED] - Statement - imgDir = com.kms.katalon.core.configuration.RunConfiguration.getProjectDir() + "/img/": null

2018-11-14 15:42:54 - [TEST_STEP][PASSED] - Statement - java.lang.Thread.sleep(2000): null

2018-11-14 15:42:56 - [TEST_STEP][PASSED] - openBrowser: Browser is opened with url: 'https://html5demos.com/drag/'

2018-11-14 15:43:10 - [MESSAGE][PASSED] - Browser is opened with url: 'https://html5demos.com/drag/'

2018-11-14 15:43:10 - [TEST_STEP][PASSED] - maximizeWindow: Current window maximized

2018-11-14 15:43:10 - [MESSAGE][PASSED] - Current window maximized

2018-11-14 15:43:10 - [TEST_STEP][PASSED] - Statement - java.lang.Thread.sleep(2000): null

2018-11-14 15:43:12 - [TEST_STEP][INCOMPLETE] - Statement - screen = new org.sikuli.script.Screen(): null]]></system-out>
         <system-err><![CDATA[2018-11-14 15:42:53 - [TEST_CASE][INCOMPLETE] - Test Cases/Mohit/Drag_Drop: null]]></system-err>
      </testcase>
      <system-out><![CDATA[2018-11-14 15:42:53 - [TEST_SUITE][INCOMPLETE] - New Test Suite: null]]></system-out>
      <system-err><![CDATA[2018-11-14 15:42:53 - [TEST_SUITE][INCOMPLETE] - New Test Suite: null]]></system-err>
   </testsuite>
</testsuites>
